2025-08-26T20:00:53.300943Z 0 [Warning] [MY-010097] [Server] Insecure configuration for --secure-file-priv: Current value does not restrict location of generated files. Consider setting it to a valid, non-empty path.
2025-08-26T20:00:53.301048Z 0 [Warning] [MY-010918] [Server] 'default_authentication_plugin' is deprecated and will be removed in a future release. Please use authentication_policy instead.
2025-08-26T20:00:53.301082Z 0 [System] [MY-010116] [Server] C:\laragon\bin\mysql\mysql-8.0.30-winx64\bin\mysqld (mysqld 8.0.30) starting as process 64344
2025-08-26T20:00:53.377734Z 1 [System] [MY-013576] [InnoDB] InnoDB initialization has started.
2025-08-26T20:00:53.775459Z 1 [System] [MY-013577] [InnoDB] InnoDB initialization has ended.
2025-08-26T20:00:54.384375Z 0 [Warning] [MY-013829] [Server] Missing data directory for ICU regular expressions: C:\laragon\bin\mysql\mysql-8.0.30-winx64\lib\private\.
2025-08-26T20:00:54.393568Z 0 [Warning] [MY-010068] [Server] CA certificate ca.pem is self signed.
2025-08-26T20:00:54.394958Z 0 [System] [MY-013602] [Server] Channel mysql_main configured to support TLS. Encrypted connections are now supported for this channel.
2025-08-26T20:00:54.467076Z 0 [System] [MY-011323] [Server] X Plugin ready for connections. Bind-address: '::' port: 33060
2025-08-26T20:00:54.467427Z 0 [System] [MY-010931] [Server] C:\laragon\bin\mysql\mysql-8.0.30-winx64\bin\mysqld: ready for connections. Version: '8.0.30'  socket: ''  port: 3306  MySQL Community Server - GPL.
2025-08-29T16:40:20.517360Z 0 [Warning] [MY-010097] [Server] Insecure configuration for --secure-file-priv: Current value does not restrict location of generated files. Consider setting it to a valid, non-empty path.
2025-08-29T16:40:20.517459Z 0 [Warning] [MY-010918] [Server] 'default_authentication_plugin' is deprecated and will be removed in a future release. Please use authentication_policy instead.
2025-08-29T16:40:20.517506Z 0 [System] [MY-010116] [Server] C:\laragon\bin\mysql\mysql-8.0.30-winx64\bin\mysqld (mysqld 8.0.30) starting as process 1740
2025-08-29T16:40:20.606555Z 1 [System] [MY-013576] [InnoDB] InnoDB initialization has started.
2025-08-29T16:40:21.296766Z 1 [System] [MY-013577] [InnoDB] InnoDB initialization has ended.
2025-08-29T16:40:21.644374Z 0 [System] [MY-010229] [Server] Starting XA crash recovery...
2025-08-29T16:40:21.650525Z 0 [System] [MY-010232] [Server] XA crash recovery finished.
2025-08-29T16:40:21.709021Z 0 [Warning] [MY-013829] [Server] Missing data directory for ICU regular expressions: C:\laragon\bin\mysql\mysql-8.0.30-winx64\lib\private\.
2025-08-29T16:40:21.745455Z 0 [Warning] [MY-010068] [Server] CA certificate ca.pem is self signed.
2025-08-29T16:40:21.746005Z 0 [System] [MY-013602] [Server] Channel mysql_main configured to support TLS. Encrypted connections are now supported for this channel.
2025-08-29T16:40:21.827080Z 0 [System] [MY-011323] [Server] X Plugin ready for connections. Bind-address: '::' port: 33060
2025-08-29T16:40:21.827328Z 0 [System] [MY-010931] [Server] C:\laragon\bin\mysql\mysql-8.0.30-winx64\bin\mysqld: ready for connections. Version: '8.0.30'  socket: ''  port: 3306  MySQL Community Server - GPL.
2025-08-29T18:21:25.599399Z 12 [System] [MY-013172] [Server] Received SHUTDOWN from user root. Shutting down mysqld (Version: 8.0.30).
2025-08-29T18:21:25.602736Z 0 [System] [MY-013105] [Server] C:\laragon\bin\mysql\mysql-8.0.30-winx64\bin\mysqld: Normal shutdown.
2025-08-29T18:21:26.184479Z 0 [System] [MY-010910] [Server] C:\laragon\bin\mysql\mysql-8.0.30-winx64\bin\mysqld: Shutdown complete (mysqld 8.0.30)  MySQL Community Server - GPL.
2025-09-02T18:27:43.583071Z 0 [Warning] [MY-010097] [Server] Insecure configuration for --secure-file-priv: Current value does not restrict location of generated files. Consider setting it to a valid, non-empty path.
2025-09-02T18:27:43.583936Z 0 [Warning] [MY-010918] [Server] 'default_authentication_plugin' is deprecated and will be removed in a future release. Please use authentication_policy instead.
2025-09-02T18:27:43.583978Z 0 [System] [MY-010116] [Server] C:\laragon\bin\mysql\mysql-8.0.30-winx64\bin\mysqld (mysqld 8.0.30) starting as process 35692
2025-09-02T18:27:43.702760Z 1 [System] [MY-013576] [InnoDB] InnoDB initialization has started.
2025-09-02T18:27:44.240905Z 1 [System] [MY-013577] [InnoDB] InnoDB initialization has ended.
2025-09-02T18:27:44.711801Z 0 [Warning] [MY-013829] [Server] Missing data directory for ICU regular expressions: C:\laragon\bin\mysql\mysql-8.0.30-winx64\lib\private\.
2025-09-02T18:27:44.754307Z 0 [Warning] [MY-010068] [Server] CA certificate ca.pem is self signed.
2025-09-02T18:27:44.754836Z 0 [System] [MY-013602] [Server] Channel mysql_main configured to support TLS. Encrypted connections are now supported for this channel.
2025-09-02T18:27:44.829552Z 0 [System] [MY-011323] [Server] X Plugin ready for connections. Bind-address: '::' port: 33060
2025-09-02T18:27:44.829673Z 0 [System] [MY-010931] [Server] C:\laragon\bin\mysql\mysql-8.0.30-winx64\bin\mysqld: ready for connections. Version: '8.0.30'  socket: ''  port: 3306  MySQL Community Server - GPL.
2025-09-02T20:21:40.922581Z 92 [System] [MY-013172] [Server] Received SHUTDOWN from user root. Shutting down mysqld (Version: 8.0.30).
2025-09-02T20:21:40.924172Z 0 [System] [MY-013105] [Server] C:\laragon\bin\mysql\mysql-8.0.30-winx64\bin\mysqld: Normal shutdown.
2025-09-02T20:21:41.689111Z 0 [System] [MY-010910] [Server] C:\laragon\bin\mysql\mysql-8.0.30-winx64\bin\mysqld: Shutdown complete (mysqld 8.0.30)  MySQL Community Server - GPL.
2025-09-05T16:33:55.523980Z 0 [Warning] [MY-010097] [Server] Insecure configuration for --secure-file-priv: Current value does not restrict location of generated files. Consider setting it to a valid, non-empty path.
2025-09-05T16:33:55.524839Z 0 [Warning] [MY-010918] [Server] 'default_authentication_plugin' is deprecated and will be removed in a future release. Please use authentication_policy instead.
2025-09-05T16:33:55.524905Z 0 [System] [MY-010116] [Server] C:\laragon\bin\mysql\mysql-8.0.30-winx64\bin\mysqld (mysqld 8.0.30) starting as process 54544
2025-09-05T16:33:55.667599Z 1 [System] [MY-013576] [InnoDB] InnoDB initialization has started.
2025-09-05T16:33:56.367045Z 1 [System] [MY-013577] [InnoDB] InnoDB initialization has ended.
2025-09-05T16:33:57.008889Z 0 [Warning] [MY-013829] [Server] Missing data directory for ICU regular expressions: C:\laragon\bin\mysql\mysql-8.0.30-winx64\lib\private\.
2025-09-05T16:33:57.054241Z 0 [Warning] [MY-010068] [Server] CA certificate ca.pem is self signed.
2025-09-05T16:33:57.055194Z 0 [System] [MY-013602] [Server] Channel mysql_main configured to support TLS. Encrypted connections are now supported for this channel.
2025-09-05T16:33:57.243547Z 0 [System] [MY-011323] [Server] X Plugin ready for connections. Bind-address: '::' port: 33060
2025-09-05T16:33:57.243637Z 0 [System] [MY-010931] [Server] C:\laragon\bin\mysql\mysql-8.0.30-winx64\bin\mysqld: ready for connections. Version: '8.0.30'  socket: ''  port: 3306  MySQL Community Server - GPL.
